 *** Starting Verify Geometry (MEM: 1625.8) ***

**WARN: (IMPVFG-257):   verifyGeometry command is replac                                                                     ed by verify_drc command. It still works in this release                                                                      but will be removed in future release. Please update yo                                                                     ur script to use the new command.
  VERIFY GEOMETRY ...... Starting Verification
  VERIFY GEOMETRY ...... Initializing
  VERIFY GEOMETRY ...... Deleting Existing Violations
  VERIFY GEOMETRY ...... Creating Sub-Areas
                  ...... bin size: 2080
  VERIFY GEOMETRY ...... SubArea : 1 of 121
  VERIFY GEOMETRY ...... Cells          :  0 Viols.
  VERIFY GEOMETRY ...... SameNet        :  0 Viols.
  VERIFY GEOMETRY ...... Wiring         :  0 Viols.
  VERIFY GEOMETRY ...... Antenna        :  0 Viols.
  VERIFY GEOMETRY ...... Sub-Area : 1 complete 0 Viols.                                                                      0 Wrngs.
  VERIFY GEOMETRY ...... SubArea : 2 of 121
  VERIFY GEOMETRY ...... Cells          :  0 Viols.
  VERIFY GEOMETRY ...... SameNet        :  0 Viols.
  VERIFY GEOMETRY ...... Wiring         :  0 Viols.
  VERIFY GEOMETRY ...... Antenna        :  0 Viols.
  VERIFY GEOMETRY ...... Sub-Area : 2 complete 0 Viols.                                                                      0 Wrngs.
  VERIFY GEOMETRY ...... SubArea : 3 of 121
  VERIFY GEOMETRY ...... Cells          :  0 Viols.
  VERIFY GEOMETRY ...... SameNet        :  0 Viols.
  VERIFY GEOMETRY ...... Wiring         :  0 Viols.
  VERIFY GEOMETRY ...... Antenna        :  0 Viols.
  VERIFY GEOMETRY ...... Sub-Area : 3 complete 0 Viols.                                                                      0 Wrngs.
  VERIFY GEOMETRY ...... SubArea : 4 of 121
  VERIFY GEOMETRY ...... Cells          :  0 Viols.
  VERIFY GEOMETRY ...... SameNet        :  0 Viols.
  VERIFY GEOMETRY ...... Wiring         :  0 Viols.
  VERIFY GEOMETRY ...... Antenna        :  0 Viols.
  VERIFY GEOMETRY ...... Sub-Area : 4 complete 0 Viols.                                                                      0 Wrngs.
  VERIFY GEOMETRY ...... SubArea : 5 of 121
  VERIFY GEOMETRY ...... Cells          :  0 Viols.
  VERIFY GEOMETRY ...... SameNet        :  0 Viols.
  VERIFY GEOMETRY ...... Wiring         :  0 Viols.
  VERIFY GEOMETRY ...... Antenna        :  0 Viols.
  VERIFY GEOMETRY ...... Sub-Area : 5 complete 0 Viols.                                                                      0 Wrngs.
  VERIFY GEOMETRY ...... SubArea : 6 of 121
  VERIFY GEOMETRY ...... Cells          :  0 Viols.
  VERIFY GEOMETRY ...... SameNet        :  0 Viols.
  VERIFY GEOMETRY ...... Wiring         :  0 Viols.
  VERIFY GEOMETRY ...... Antenna        :  0 Viols.
  VERIFY GEOMETRY ...... Sub-Area : 6 complete 0 Viols.                                                                      0 Wrngs.
  VERIFY GEOMETRY ...... SubArea : 7 of 121
  VERIFY GEOMETRY ...... Cells          :  0 Viols.
  VERIFY GEOMETRY ...... SameNet        :  0 Viols.
  VERIFY GEOMETRY ...... Wiring         :  0 Viols.
  VERIFY GEOMETRY ...... Antenna        :  0 Viols.
  VERIFY GEOMETRY ...... Sub-Area : 7 complete 0 Viols.                                                                      0 Wrngs.
  VERIFY GEOMETRY ...... SubArea : 8 of 121
  VERIFY GEOMETRY ...... Cells          :  0 Viols.
  VERIFY GEOMETRY ...... SameNet        :  0 Viols.
  VERIFY GEOMETRY ...... Wiring         :  0 Viols.
  VERIFY GEOMETRY ...... Antenna        :  0 Viols.
  VERIFY GEOMETRY ...... Sub-Area : 8 complete 0 Viols.                                                                      0 Wrngs.
  VERIFY GEOMETRY ...... SubArea : 9 of 121
  VERIFY GEOMETRY ...... Cells          :  0 Viols.
  VERIFY GEOMETRY ...... SameNet        :  0 Viols.
  VERIFY GEOMETRY ...... Wiring         :  0 Viols.
  VERIFY GEOMETRY ...... Antenna        :  0 Viols.
  VERIFY GEOMETRY ...... Sub-Area : 9 complete 0 Viols.                                                                      0 Wrngs.
  VERIFY GEOMETRY ...... SubArea : 10 of 121
  VERIFY GEOMETRY ...... Cells          :  0 Viols.
  VERIFY GEOMETRY ...... SameNet        :  0 Viols.
  VERIFY GEOMETRY ...... Wiring         :  0 Viols.
  VERIFY GEOMETRY ...... Antenna        :  0 Viols.
  VERIFY GEOMETRY ...... Sub-Area : 10 complete 0 Viols.                                                                      0 Wrngs.
  VERIFY GEOMETRY ...... SubArea : 11 of 121
  VERIFY GEOMETRY ...... Cells          :  0 Viols.
  VERIFY GEOMETRY ...... SameNet        :  0 Viols.
  VERIFY GEOMETRY ...... Wiring         :  0 Viols.
  VERIFY GEOMETRY ...... Antenna        :  0 Viols.
  VERIFY GEOMETRY ...... Sub-Area : 11 complete 0 Viols.                                                                      0 Wrngs.
  VERIFY GEOMETRY ...... SubArea : 12 of 121
  VERIFY GEOMETRY ...... Cells          :  0 Viols.
  VERIFY GEOMETRY ...... SameNet        :  0 Viols.
  VERIFY GEOMETRY ...... Wiring         :  0 Viols.
  VERIFY GEOMETRY ...... Antenna        :  0 Viols.
  VERIFY GEOMETRY ...... Sub-Area : 12 complete 0 Viols.                                                                      0 Wrngs.
  VERIFY GEOMETRY ...... SubArea : 13 of 121
  VERIFY GEOMETRY ...... Cells          :  0 Viols.
  VERIFY GEOMETRY ...... SameNet        :  0 Viols.
  VERIFY GEOMETRY ...... Wiring         :  0 Viols.
  VERIFY GEOMETRY ...... Antenna        :  0 Viols.
  VERIFY GEOMETRY ...... Sub-Area : 13 complete 0 Viols.                                                                      0 Wrngs.
  VERIFY GEOMETRY ...... SubArea : 14 of 121
  VERIFY GEOMETRY ...... Cells          :  0 Viols.
  VERIFY GEOMETRY ...... SameNet        :  0 Viols.
  VERIFY GEOMETRY ...... Wiring         :  0 Viols.
  VERIFY GEOMETRY ...... Antenna        :  0 Viols.
  VERIFY GEOMETRY ...... Sub-Area : 14 complete 0 Viols.                                                                      0 Wrngs.
  VERIFY GEOMETRY ...... SubArea : 15 of 121
  VERIFY GEOMETRY ...... Cells          :  0 Viols.
  VERIFY GEOMETRY ...... SameNet        :  0 Viols.
  VERIFY GEOMETRY ...... Wiring         :  0 Viols.
  VERIFY GEOMETRY ...... Antenna        :  0 Viols.
  VERIFY GEOMETRY ...... Sub-Area : 15 complete 0 Viols.                                                                      0 Wrngs.
  VERIFY GEOMETRY ...... SubArea : 16 of 121
  VERIFY GEOMETRY ...... Cells          :  0 Viols.
  VERIFY GEOMETRY ...... SameNet        :  0 Viols.
  VERIFY GEOMETRY ...... Wiring         :  0 Viols.
  VERIFY GEOMETRY ...... Antenna        :  0 Viols.
  VERIFY GEOMETRY ...... Sub-Area : 16 complete 0 Viols.                                                                      0 Wrngs.
  VERIFY GEOMETRY ...... SubArea : 17 of 121
  VERIFY GEOMETRY ...... Cells          :  0 Viols.
  VERIFY GEOMETRY ...... SameNet        :  0 Viols.
  VERIFY GEOMETRY ...... Wiring         :  0 Viols.
  VERIFY GEOMETRY ...... Antenna        :  0 Viols.
  VERIFY GEOMETRY ...... Sub-Area : 17 complete 0 Viols.                                                                      0 Wrngs.
  VERIFY GEOMETRY ...... SubArea : 18 of 121
  VERIFY GEOMETRY ...... Cells          :  0 Viols.
  VERIFY GEOMETRY ...... SameNet        :  0 Viols.
  VERIFY GEOMETRY ...... Wiring         :  0 Viols.
  VERIFY GEOMETRY ...... Antenna        :  0 Viols.
  VERIFY GEOMETRY ...... Sub-Area : 18 complete 0 Viols.                                                                      0 Wrngs.
  VERIFY GEOMETRY ...... SubArea : 19 of 121
  VERIFY GEOMETRY ...... Cells          :  0 Viols.
  VERIFY GEOMETRY ...... SameNet        :  0 Viols.
  VERIFY GEOMETRY ...... Wiring         :  0 Viols.
  VERIFY GEOMETRY ...... Antenna        :  0 Viols.
  VERIFY GEOMETRY ...... Sub-Area : 19 complete 0 Viols.                                                                      0 Wrngs.
  VERIFY GEOMETRY ...... SubArea : 20 of 121
  VERIFY GEOMETRY ...... Cells          :  0 Viols.
  VERIFY GEOMETRY ...... SameNet        :  0 Viols.
  VERIFY GEOMETRY ...... Wiring         :  0 Viols.
  VERIFY GEOMETRY ...... Antenna        :  0 Viols.
  VERIFY GEOMETRY ...... Sub-Area : 20 complete 0 Viols.                                                                      0 Wrngs.
  VERIFY GEOMETRY ...... SubArea : 21 of 121
  VERIFY GEOMETRY ...... Cells          :  0 Viols.
  VERIFY GEOMETRY ...... SameNet        :  0 Viols.
  VERIFY GEOMETRY ...... Wiring         :  0 Viols.
  VERIFY GEOMETRY ...... Antenna        :  0 Viols.
  VERIFY GEOMETRY ...... Sub-Area : 21 complete 0 Viols.                                                                      0 Wrngs.
  VERIFY GEOMETRY ...... SubArea : 22 of 121
  VERIFY GEOMETRY ...... Cells          :  0 Viols.
  VERIFY GEOMETRY ...... SameNet        :  0 Viols.
  VERIFY GEOMETRY ...... Wiring         :  0 Viols.
  VERIFY GEOMETRY ...... Antenna        :  0 Viols.
  VERIFY GEOMETRY ...... Sub-Area : 22 complete 0 Viols.                                                                      0 Wrngs.
  VERIFY GEOMETRY ...... SubArea : 23 of 121
  VERIFY GEOMETRY ...... Cells          :  0 Viols.
  VERIFY GEOMETRY ...... SameNet        :  0 Viols.
  VERIFY GEOMETRY ...... Wiring         :  0 Viols.
  VERIFY GEOMETRY ...... Antenna        :  0 Viols.
  VERIFY GEOMETRY ...... Sub-Area : 23 complete 0 Viols.                                                                      0 Wrngs.
  VERIFY GEOMETRY ...... SubArea : 24 of 121
  VERIFY GEOMETRY ...... Cells          :  0 Viols.
  VERIFY GEOMETRY ...... SameNet        :  0 Viols.
  VERIFY GEOMETRY ...... Wiring         :  0 Viols.
  VERIFY GEOMETRY ...... Antenna        :  0 Viols.
  VERIFY GEOMETRY ...... Sub-Area : 24 complete 0 Viols.                                                                      0 Wrngs.
  VERIFY GEOMETRY ...... SubArea : 25 of 121
  VERIFY GEOMETRY ...... Cells          :  0 Viols.
  VERIFY GEOMETRY ...... SameNet        :  0 Viols.
  VERIFY GEOMETRY ...... Wiring         :  0 Viols.
  VERIFY GEOMETRY ...... Antenna        :  0 Viols.
  VERIFY GEOMETRY ...... Sub-Area : 25 complete 0 Viols.                                                                      0 Wrngs.
  VERIFY GEOMETRY ...... SubArea : 26 of 121
  VERIFY GEOMETRY ...... Cells          :  0 Viols.
  VERIFY GEOMETRY ...... SameNet        :  0 Viols.
  VERIFY GEOMETRY ...... Wiring         :  0 Viols.
  VERIFY GEOMETRY ...... Antenna        :  0 Viols.
  VERIFY GEOMETRY ...... Sub-Area : 26 complete 0 Viols.                                                                      0 Wrngs.
  VERIFY GEOMETRY ...... SubArea : 27 of 121
  VERIFY GEOMETRY ...... Cells          :  0 Viols.
  VERIFY GEOMETRY ...... SameNet        :  0 Viols.
  VERIFY GEOMETRY ...... Wiring         :  0 Viols.
  VERIFY GEOMETRY ...... Antenna        :  0 Viols.
  VERIFY GEOMETRY ...... Sub-Area : 27 complete 0 Viols.                                                                      0 Wrngs.
  VERIFY GEOMETRY ...... SubArea : 28 of 121
  VERIFY GEOMETRY ...... Cells          :  0 Viols.
  VERIFY GEOMETRY ...... SameNet        :  0 Viols.
  VERIFY GEOMETRY ...... Wiring         :  0 Viols.
  VERIFY GEOMETRY ...... Antenna        :  0 Viols.
  VERIFY GEOMETRY ...... Sub-Area : 28 complete 0 Viols.                                                                      0 Wrngs.
  VERIFY GEOMETRY ...... SubArea : 29 of 121
  VERIFY GEOMETRY ...... Cells          :  0 Viols.
  VERIFY GEOMETRY ...... SameNet        :  0 Viols.
  VERIFY GEOMETRY ...... Wiring         :  0 Viols.
  VERIFY GEOMETRY ...... Antenna        :  0 Viols.
  VERIFY GEOMETRY ...... Sub-Area : 29 complete 0 Viols.                                                                      0 Wrngs.
  VERIFY GEOMETRY ...... SubArea : 30 of 121
  VERIFY GEOMETRY ...... Cells          :  0 Viols.
  VERIFY GEOMETRY ...... SameNet        :  0 Viols.
  VERIFY GEOMETRY ...... Wiring         :  0 Viols.
  VERIFY GEOMETRY ...... Antenna        :  0 Viols.
  VERIFY GEOMETRY ...... Sub-Area : 30 complete 0 Viols.                                                                      0 Wrngs.
  VERIFY GEOMETRY ...... SubArea : 31 of 121
  VERIFY GEOMETRY ...... Cells          :  0 Viols.
  VERIFY GEOMETRY ...... SameNet        :  0 Viols.
  VERIFY GEOMETRY ...... Wiring         :  0 Viols.
  VERIFY GEOMETRY ...... Antenna        :  0 Viols.
  VERIFY GEOMETRY ...... Sub-Area : 31 complete 0 Viols.                                                                      0 Wrngs.
  VERIFY GEOMETRY ...... SubArea : 32 of 121
  VERIFY GEOMETRY ...... Cells          :  0 Viols.
  VERIFY GEOMETRY ...... SameNet        :  0 Viols.
  VERIFY GEOMETRY ...... Wiring         :  0 Viols.
  VERIFY GEOMETRY ...... Antenna        :  0 Viols.
  VERIFY GEOMETRY ...... Sub-Area : 32 complete 0 Viols.                                                                      0 Wrngs.
  VERIFY GEOMETRY ...... SubArea : 33 of 121
  VERIFY GEOMETRY ...... Cells          :  0 Viols.
  VERIFY GEOMETRY ...... SameNet        :  0 Viols.
  VERIFY GEOMETRY ...... Wiring         :  0 Viols.
  VERIFY GEOMETRY ...... Antenna        :  0 Viols.
  VERIFY GEOMETRY ...... Sub-Area : 33 complete 0 Viols.                                                                      0 Wrngs.
  VERIFY GEOMETRY ...... SubArea : 34 of 121
  VERIFY GEOMETRY ...... Cells          :  0 Viols.
  VERIFY GEOMETRY ...... SameNet        :  0 Viols.
  VERIFY GEOMETRY ...... Wiring         :  0 Viols.
  VERIFY GEOMETRY ...... Antenna        :  0 Viols.
  VERIFY GEOMETRY ...... Sub-Area : 34 complete 0 Viols.                                                                      0 Wrngs.
  VERIFY GEOMETRY ...... SubArea : 35 of 121
  VERIFY GEOMETRY ...... Cells          :  0 Viols.
  VERIFY GEOMETRY ...... SameNet        :  0 Viols.
  VERIFY GEOMETRY ...... Wiring         :  0 Viols.
  VERIFY GEOMETRY ...... Antenna        :  0 Viols.
  VERIFY GEOMETRY ...... Sub-Area : 35 complete 0 Viols.                                                                      0 Wrngs.
  VERIFY GEOMETRY ...... SubArea : 36 of 121
  VERIFY GEOMETRY ...... Cells          :  0 Viols.
  VERIFY GEOMETRY ...... SameNet        :  0 Viols.
  VERIFY GEOMETRY ...... Wiring         :  0 Viols.
  VERIFY GEOMETRY ...... Antenna        :  0 Viols.
  VERIFY GEOMETRY ...... Sub-Area : 36 complete 0 Viols.                                                                      0 Wrngs.
  VERIFY GEOMETRY ...... SubArea : 37 of 121
  VERIFY GEOMETRY ...... Cells          :  0 Viols.
  VERIFY GEOMETRY ...... SameNet        :  0 Viols.
  VERIFY GEOMETRY ...... Wiring         :  0 Viols.
  VERIFY GEOMETRY ...... Antenna        :  0 Viols.
  VERIFY GEOMETRY ...... Sub-Area : 37 complete 0 Viols.                                                                      0 Wrngs.
  VERIFY GEOMETRY ...... SubArea : 38 of 121
  VERIFY GEOMETRY ...... Cells          :  0 Viols.
  VERIFY GEOMETRY ...... SameNet        :  0 Viols.
  VERIFY GEOMETRY ...... Wiring         :  0 Viols.
  VERIFY GEOMETRY ...... Antenna        :  0 Viols.
  VERIFY GEOMETRY ...... Sub-Area : 38 complete 0 Viols.                                                                      0 Wrngs.
  VERIFY GEOMETRY ...... SubArea : 39 of 121
  VERIFY GEOMETRY ...... Cells          :  0 Viols.
  VERIFY GEOMETRY ...... SameNet        :  0 Viols.
  VERIFY GEOMETRY ...... Wiring         :  0 Viols.
  VERIFY GEOMETRY ...... Antenna        :  0 Viols.
  VERIFY GEOMETRY ...... Sub-Area : 39 complete 0 Viols.                                                                      0 Wrngs.
  VERIFY GEOMETRY ...... SubArea : 40 of 121
  VERIFY GEOMETRY ...... Cells          :  0 Viols.
  VERIFY GEOMETRY ...... SameNet        :  0 Viols.
  VERIFY GEOMETRY ...... Wiring         :  0 Viols.
  VERIFY GEOMETRY ...... Antenna        :  0 Viols.
  VERIFY GEOMETRY ...... Sub-Area : 40 complete 0 Viols.                                                                      0 Wrngs.
  VERIFY GEOMETRY ...... SubArea : 41 of 121
  VERIFY GEOMETRY ...... Cells          :  0 Viols.
  VERIFY GEOMETRY ...... SameNet        :  0 Viols.
  VERIFY GEOMETRY ...... Wiring         :  0 Viols.
  VERIFY GEOMETRY ...... Antenna        :  0 Viols.
  VERIFY GEOMETRY ...... Sub-Area : 41 complete 0 Viols.                                                                      0 Wrngs.
  VERIFY GEOMETRY ...... SubArea : 42 of 121
  VERIFY GEOMETRY ...... Cells          :  0 Viols.
  VERIFY GEOMETRY ...... SameNet        :  0 Viols.
  VERIFY GEOMETRY ...... Wiring         :  0 Viols.
  VERIFY GEOMETRY ...... Antenna        :  0 Viols.
  VERIFY GEOMETRY ...... Sub-Area : 42 complete 0 Viols.                                                                      0 Wrngs.
  VERIFY GEOMETRY ...... SubArea : 43 of 121
  VERIFY GEOMETRY ...... Cells          :  0 Viols.
  VERIFY GEOMETRY ...... SameNet        :  0 Viols.
  VERIFY GEOMETRY ...... Wiring         :  0 Viols.
  VERIFY GEOMETRY ...... Antenna        :  0 Viols.
  VERIFY GEOMETRY ...... Sub-Area : 43 complete 0 Viols.                                                                      0 Wrngs.
  VERIFY GEOMETRY ...... SubArea : 44 of 121
  VERIFY GEOMETRY ...... Cells          :  0 Viols.
  VERIFY GEOMETRY ...... SameNet        :  0 Viols.
  VERIFY GEOMETRY ...... Wiring         :  0 Viols.
  VERIFY GEOMETRY ...... Antenna        :  0 Viols.
  VERIFY GEOMETRY ...... Sub-Area : 44 complete 0 Viols.                                                                      0 Wrngs.
  VERIFY GEOMETRY ...... SubArea : 45 of 121
  VERIFY GEOMETRY ...... Cells          :  0 Viols.
  VERIFY GEOMETRY ...... SameNet        :  0 Viols.
  VERIFY GEOMETRY ...... Wiring         :  0 Viols.
  VERIFY GEOMETRY ...... Antenna        :  0 Viols.
  VERIFY GEOMETRY ...... Sub-Area : 45 complete 0 Viols.                                                                      0 Wrngs.
  VERIFY GEOMETRY ...... SubArea : 46 of 121
  VERIFY GEOMETRY ...... Cells          :  0 Viols.
  VERIFY GEOMETRY ...... SameNet        :  0 Viols.
  VERIFY GEOMETRY ...... Wiring         :  0 Viols.
  VERIFY GEOMETRY ...... Antenna        :  0 Viols.
  VERIFY GEOMETRY ...... Sub-Area : 46 complete 0 Viols.                                                                      0 Wrngs.
  VERIFY GEOMETRY ...... SubArea : 47 of 121
  VERIFY GEOMETRY ...... Cells          :  0 Viols.
  VERIFY GEOMETRY ...... SameNet        :  0 Viols.
  VERIFY GEOMETRY ...... Wiring         :  0 Viols.
  VERIFY GEOMETRY ...... Antenna        :  0 Viols.
  VERIFY GEOMETRY ...... Sub-Area : 47 complete 0 Viols.                                                                      0 Wrngs.
  VERIFY GEOMETRY ...... SubArea : 48 of 121
  VERIFY GEOMETRY ...... Cells          :  0 Viols.
  VERIFY GEOMETRY ...... SameNet        :  0 Viols.
  VERIFY GEOMETRY ...... Wiring         :  0 Viols.
  VERIFY GEOMETRY ...... Antenna        :  0 Viols.
  VERIFY GEOMETRY ...... Sub-Area : 48 complete 0 Viols.                                                                      0 Wrngs.
  VERIFY GEOMETRY ...... SubArea : 49 of 121
  VERIFY GEOMETRY ...... Cells          :  0 Viols.
  VERIFY GEOMETRY ...... SameNet        :  0 Viols.
  VERIFY GEOMETRY ...... Wiring         :  0 Viols.
  VERIFY GEOMETRY ...... Antenna        :  0 Viols.
  VERIFY GEOMETRY ...... Sub-Area : 49 complete 0 Viols.                                                                      0 Wrngs.
  VERIFY GEOMETRY ...... SubArea : 50 of 121
  VERIFY GEOMETRY ...... Cells          :  0 Viols.
  VERIFY GEOMETRY ...... SameNet        :  0 Viols.
  VERIFY GEOMETRY ...... Wiring         :  0 Viols.
  VERIFY GEOMETRY ...... Antenna        :  0 Viols.
  VERIFY GEOMETRY ...... Sub-Area : 50 complete 0 Viols.                                                                      0 Wrngs.
  VERIFY GEOMETRY ...... SubArea : 51 of 121
  VERIFY GEOMETRY ...... Cells          :  0 Viols.
  VERIFY GEOMETRY ...... SameNet        :  0 Viols.
  VERIFY GEOMETRY ...... Wiring         :  0 Viols.
  VERIFY GEOMETRY ...... Antenna        :  0 Viols.
  VERIFY GEOMETRY ...... Sub-Area : 51 complete 0 Viols.                                                                      0 Wrngs.
  VERIFY GEOMETRY ...... SubArea : 52 of 121
  VERIFY GEOMETRY ...... Cells          :  0 Viols.
  VERIFY GEOMETRY ...... SameNet        :  0 Viols.
  VERIFY GEOMETRY ...... Wiring         :  0 Viols.
  VERIFY GEOMETRY ...... Antenna        :  0 Viols.
  VERIFY GEOMETRY ...... Sub-Area : 52 complete 0 Viols.                                                                      0 Wrngs.
  VERIFY GEOMETRY ...... SubArea : 53 of 121
  VERIFY GEOMETRY ...... Cells          :  0 Viols.
  VERIFY GEOMETRY ...... SameNet        :  0 Viols.
  VERIFY GEOMETRY ...... Wiring         :  0 Viols.
  VERIFY GEOMETRY ...... Antenna        :  0 Viols.
  VERIFY GEOMETRY ...... Sub-Area : 53 complete 0 Viols.                                                                      0 Wrngs.
  VERIFY GEOMETRY ...... SubArea : 54 of 121
  VERIFY GEOMETRY ...... Cells          :  0 Viols.
  VERIFY GEOMETRY ...... SameNet        :  0 Viols.
  VERIFY GEOMETRY ...... Wiring         :  0 Viols.
  VERIFY GEOMETRY ...... Antenna        :  0 Viols.
  VERIFY GEOMETRY ...... Sub-Area : 54 complete 0 Viols.                                                                      0 Wrngs.
  VERIFY GEOMETRY ...... SubArea : 55 of 121
  VERIFY GEOMETRY ...... Cells          :  0 Viols.
  VERIFY GEOMETRY ...... SameNet        :  0 Viols.
  VERIFY GEOMETRY ...... Wiring         :  0 Viols.
  VERIFY GEOMETRY ...... Antenna        :  0 Viols.
  VERIFY GEOMETRY ...... Sub-Area : 55 complete 0 Viols.                                                                      0 Wrngs.
  VERIFY GEOMETRY ...... SubArea : 56 of 121
  VERIFY GEOMETRY ...... Cells          :  0 Viols.
  VERIFY GEOMETRY ...... SameNet        :  0 Viols.
  VERIFY GEOMETRY ...... Wiring         :  0 Viols.
  VERIFY GEOMETRY ...... Antenna        :  0 Viols.
  VERIFY GEOMETRY ...... Sub-Area : 56 complete 0 Viols.                                                                      0 Wrngs.
  VERIFY GEOMETRY ...... SubArea : 57 of 121
  VERIFY GEOMETRY ...... Cells          :  0 Viols.
  VERIFY GEOMETRY ...... SameNet        :  0 Viols.
  VERIFY GEOMETRY ...... Wiring         :  0 Viols.
  VERIFY GEOMETRY ...... Antenna        :  0 Viols.
  VERIFY GEOMETRY ...... Sub-Area : 57 complete 0 Viols.                                                                      0 Wrngs.
  VERIFY GEOMETRY ...... SubArea : 58 of 121
  VERIFY GEOMETRY ...... Cells          :  0 Viols.
  VERIFY GEOMETRY ...... SameNet        :  0 Viols.
  VERIFY GEOMETRY ...... Wiring         :  0 Viols.
  VERIFY GEOMETRY ...... Antenna        :  0 Viols.
  VERIFY GEOMETRY ...... Sub-Area : 58 complete 0 Viols.                                                                      0 Wrngs.
  VERIFY GEOMETRY ...... SubArea : 59 of 121
  VERIFY GEOMETRY ...... Cells          :  0 Viols.
  VERIFY GEOMETRY ...... SameNet        :  0 Viols.
  VERIFY GEOMETRY ...... Wiring         :  0 Viols.
  VERIFY GEOMETRY ...... Antenna        :  0 Viols.
  VERIFY GEOMETRY ...... Sub-Area : 59 complete 0 Viols.                                                                      0 Wrngs.
  VERIFY GEOMETRY ...... SubArea : 60 of 121
  VERIFY GEOMETRY ...... Cells          :  0 Viols.
  VERIFY GEOMETRY ...... SameNet        :  0 Viols.
  VERIFY GEOMETRY ...... Wiring         :  0 Viols.
  VERIFY GEOMETRY ...... Antenna        :  0 Viols.
  VERIFY GEOMETRY ...... Sub-Area : 60 complete 0 Viols.                                                                      0 Wrngs.
  VERIFY GEOMETRY ...... SubArea : 61 of 121
  VERIFY GEOMETRY ...... Cells          :  0 Viols.
  VERIFY GEOMETRY ...... SameNet        :  0 Viols.
  VERIFY GEOMETRY ...... Wiring         :  0 Viols.
  VERIFY GEOMETRY ...... Antenna        :  0 Viols.
  VERIFY GEOMETRY ...... Sub-Area : 61 complete 0 Viols.                                                                      0 Wrngs.
  VERIFY GEOMETRY ...... SubArea : 62 of 121
  VERIFY GEOMETRY ...... Cells          :  0 Viols.
  VERIFY GEOMETRY ...... SameNet        :  0 Viols.
  VERIFY GEOMETRY ...... Wiring         :  0 Viols.
  VERIFY GEOMETRY ...... Antenna        :  0 Viols.
  VERIFY GEOMETRY ...... Sub-Area : 62 complete 0 Viols.                                                                      0 Wrngs.
  VERIFY GEOMETRY ...... SubArea : 63 of 121
  VERIFY GEOMETRY ...... Cells          :  0 Viols.
  VERIFY GEOMETRY ...... SameNet        :  0 Viols.
  VERIFY GEOMETRY ...... Wiring         :  0 Viols.
  VERIFY GEOMETRY ...... Antenna        :  0 Viols.
  VERIFY GEOMETRY ...... Sub-Area : 63 complete 0 Viols.                                                                      0 Wrngs.
  VERIFY GEOMETRY ...... SubArea : 64 of 121
  VERIFY GEOMETRY ...... Cells          :  0 Viols.
  VERIFY GEOMETRY ...... SameNet        :  0 Viols.
  VERIFY GEOMETRY ...... Wiring         :  0 Viols.
  VERIFY GEOMETRY ...... Antenna        :  0 Viols.
  VERIFY GEOMETRY ...... Sub-Area : 64 complete 0 Viols.                                                                      0 Wrngs.
  VERIFY GEOMETRY ...... SubArea : 65 of 121
  VERIFY GEOMETRY ...... Cells          :  0 Viols.
  VERIFY GEOMETRY ...... SameNet        :  0 Viols.
  VERIFY GEOMETRY ...... Wiring         :  0 Viols.
  VERIFY GEOMETRY ...... Antenna        :  0 Viols.
  VERIFY GEOMETRY ...... Sub-Area : 65 complete 0 Viols.                                                                      0 Wrngs.
  VERIFY GEOMETRY ...... SubArea : 66 of 121
  VERIFY GEOMETRY ...... Cells          :  0 Viols.
  VERIFY GEOMETRY ...... SameNet        :  0 Viols.
  VERIFY GEOMETRY ...... Wiring         :  0 Viols.
  VERIFY GEOMETRY ...... Antenna        :  0 Viols.
  VERIFY GEOMETRY ...... Sub-Area : 66 complete 0 Viols.                                                                      0 Wrngs.
  VERIFY GEOMETRY ...... SubArea : 67 of 121
  VERIFY GEOMETRY ...... Cells          :  0 Viols.
  VERIFY GEOMETRY ...... SameNet        :  0 Viols.
  VERIFY GEOMETRY ...... Wiring         :  0 Viols.
  VERIFY GEOMETRY ...... Antenna        :  0 Viols.
  VERIFY GEOMETRY ...... Sub-Area : 67 complete 0 Viols.                                                                      0 Wrngs.
  VERIFY GEOMETRY ...... SubArea : 68 of 121
  VERIFY GEOMETRY ...... Cells          :  0 Viols.
  VERIFY GEOMETRY ...... SameNet        :  0 Viols.
  VERIFY GEOMETRY ...... Wiring         :  0 Viols.
  VERIFY GEOMETRY ...... Antenna        :  0 Viols.
  VERIFY GEOMETRY ...... Sub-Area : 68 complete 0 Viols.                                                                      0 Wrngs.
  VERIFY GEOMETRY ...... SubArea : 69 of 121
  VERIFY GEOMETRY ...... Cells          :  0 Viols.
  VERIFY GEOMETRY ...... SameNet        :  0 Viols.
  VERIFY GEOMETRY ...... Wiring         :  0 Viols.
  VERIFY GEOMETRY ...... Antenna        :  0 Viols.
  VERIFY GEOMETRY ...... Sub-Area : 69 complete 0 Viols.                                                                      0 Wrngs.
  VERIFY GEOMETRY ...... SubArea : 70 of 121
  VERIFY GEOMETRY ...... Cells          :  0 Viols.
  VERIFY GEOMETRY ...... SameNet        :  0 Viols.
  VERIFY GEOMETRY ...... Wiring         :  0 Viols.
  VERIFY GEOMETRY ...... Antenna        :  0 Viols.
  VERIFY GEOMETRY ...... Sub-Area : 70 complete 0 Viols.                                                                      0 Wrngs.
  VERIFY GEOMETRY ...... SubArea : 71 of 121
  VERIFY GEOMETRY ...... Cells          :  0 Viols.
  VERIFY GEOMETRY ...... SameNet        :  0 Viols.
  VERIFY GEOMETRY ...... Wiring         :  0 Viols.
  VERIFY GEOMETRY ...... Antenna        :  0 Viols.
  VERIFY GEOMETRY ...... Sub-Area : 71 complete 0 Viols.                                                                      0 Wrngs.
  VERIFY GEOMETRY ...... SubArea : 72 of 121
  VERIFY GEOMETRY ...... Cells          :  0 Viols.
  VERIFY GEOMETRY ...... SameNet        :  0 Viols.
  VERIFY GEOMETRY ...... Wiring         :  0 Viols.
  VERIFY GEOMETRY ...... Antenna        :  0 Viols.
  VERIFY GEOMETRY ...... Sub-Area : 72 complete 0 Viols.                                                                      0 Wrngs.
  VERIFY GEOMETRY ...... SubArea : 73 of 121
  VERIFY GEOMETRY ...... Cells          :  0 Viols.
  VERIFY GEOMETRY ...... SameNet        :  0 Viols.
  VERIFY GEOMETRY ...... Wiring         :  0 Viols.
  VERIFY GEOMETRY ...... Antenna        :  0 Viols.
  VERIFY GEOMETRY ...... Sub-Area : 73 complete 0 Viols.                                                                      0 Wrngs.
  VERIFY GEOMETRY ...... SubArea : 74 of 121
  VERIFY GEOMETRY ...... Cells          :  0 Viols.
  VERIFY GEOMETRY ...... SameNet        :  0 Viols.
  VERIFY GEOMETRY ...... Wiring         :  0 Viols.
  VERIFY GEOMETRY ...... Antenna        :  0 Viols.
  VERIFY GEOMETRY ...... Sub-Area : 74 complete 0 Viols.                                                                      0 Wrngs.
  VERIFY GEOMETRY ...... SubArea : 75 of 121
  VERIFY GEOMETRY ...... Cells          :  0 Viols.
  VERIFY GEOMETRY ...... SameNet        :  0 Viols.
  VERIFY GEOMETRY ...... Wiring         :  0 Viols.
  VERIFY GEOMETRY ...... Antenna        :  0 Viols.
  VERIFY GEOMETRY ...... Sub-Area : 75 complete 0 Viols.                                                                      0 Wrngs.
  VERIFY GEOMETRY ...... SubArea : 76 of 121
  VERIFY GEOMETRY ...... Cells          :  0 Viols.
  VERIFY GEOMETRY ...... SameNet        :  0 Viols.
  VERIFY GEOMETRY ...... Wiring         :  0 Viols.
  VERIFY GEOMETRY ...... Antenna        :  0 Viols.
  VERIFY GEOMETRY ...... Sub-Area : 76 complete 0 Viols.                                                                      0 Wrngs.
  VERIFY GEOMETRY ...... SubArea : 77 of 121
  VERIFY GEOMETRY ...... Cells          :  0 Viols.
  VERIFY GEOMETRY ...... SameNet        :  0 Viols.
  VERIFY GEOMETRY ...... Wiring         :  0 Viols.
  VERIFY GEOMETRY ...... Antenna        :  0 Viols.
  VERIFY GEOMETRY ...... Sub-Area : 77 complete 0 Viols.                                                                      0 Wrngs.
  VERIFY GEOMETRY ...... SubArea : 78 of 121
  VERIFY GEOMETRY ...... Cells          :  0 Viols.
  VERIFY GEOMETRY ...... SameNet        :  0 Viols.
  VERIFY GEOMETRY ...... Wiring         :  0 Viols.
  VERIFY GEOMETRY ...... Antenna        :  0 Viols.
  VERIFY GEOMETRY ...... Sub-Area : 78 complete 0 Viols.                                                                      0 Wrngs.
  VERIFY GEOMETRY ...... SubArea : 79 of 121
  VERIFY GEOMETRY ...... Cells          :  0 Viols.
  VERIFY GEOMETRY ...... SameNet        :  0 Viols.
  VERIFY GEOMETRY ...... Wiring         :  0 Viols.
  VERIFY GEOMETRY ...... Antenna        :  0 Viols.
  VERIFY GEOMETRY ...... Sub-Area : 79 complete 0 Viols.                                                                      0 Wrngs.
  VERIFY GEOMETRY ...... SubArea : 80 of 121
  VERIFY GEOMETRY ...... Cells          :  0 Viols.
  VERIFY GEOMETRY ...... SameNet        :  0 Viols.
  VERIFY GEOMETRY ...... Wiring         :  0 Viols.
  VERIFY GEOMETRY ...... Antenna        :  0 Viols.
  VERIFY GEOMETRY ...... Sub-Area : 80 complete 0 Viols.                                                                      0 Wrngs.
  VERIFY GEOMETRY ...... SubArea : 81 of 121
  VERIFY GEOMETRY ...... Cells          :  0 Viols.
  VERIFY GEOMETRY ...... SameNet        :  0 Viols.
  VERIFY GEOMETRY ...... Wiring         :  0 Viols.
  VERIFY GEOMETRY ...... Antenna        :  0 Viols.
  VERIFY GEOMETRY ...... Sub-Area : 81 complete 0 Viols.                                                                      0 Wrngs.
  VERIFY GEOMETRY ...... SubArea : 82 of 121
  VERIFY GEOMETRY ...... Cells          :  0 Viols.
  VERIFY GEOMETRY ...... SameNet        :  0 Viols.
  VERIFY GEOMETRY ...... Wiring         :  0 Viols.
  VERIFY GEOMETRY ...... Antenna        :  0 Viols.
  VERIFY GEOMETRY ...... Sub-Area : 82 complete 0 Viols.                                                                      0 Wrngs.
  VERIFY GEOMETRY ...... SubArea : 83 of 121
  VERIFY GEOMETRY ...... Cells          :  0 Viols.
  VERIFY GEOMETRY ...... SameNet        :  0 Viols.
  VERIFY GEOMETRY ...... Wiring         :  0 Viols.
  VERIFY GEOMETRY ...... Antenna        :  0 Viols.
  VERIFY GEOMETRY ...... Sub-Area : 83 complete 0 Viols.                                                                      0 Wrngs.
  VERIFY GEOMETRY ...... SubArea : 84 of 121
  VERIFY GEOMETRY ...... Cells          :  0 Viols.
  VERIFY GEOMETRY ...... SameNet        :  0 Viols.
  VERIFY GEOMETRY ...... Wiring         :  0 Viols.
  VERIFY GEOMETRY ...... Antenna        :  0 Viols.
  VERIFY GEOMETRY ...... Sub-Area : 84 complete 0 Viols.                                                                      0 Wrngs.
  VERIFY GEOMETRY ...... SubArea : 85 of 121
  VERIFY GEOMETRY ...... Cells          :  0 Viols.
  VERIFY GEOMETRY ...... SameNet        :  0 Viols.
  VERIFY GEOMETRY ...... Wiring         :  0 Viols.
  VERIFY GEOMETRY ...... Antenna        :  0 Viols.
  VERIFY GEOMETRY ...... Sub-Area : 85 complete 0 Viols.                                                                      0 Wrngs.
  VERIFY GEOMETRY ...... SubArea : 86 of 121
  VERIFY GEOMETRY ...... Cells          :  0 Viols.
  VERIFY GEOMETRY ...... SameNet        :  0 Viols.
  VERIFY GEOMETRY ...... Wiring         :  0 Viols.
  VERIFY GEOMETRY ...... Antenna        :  0 Viols.
  VERIFY GEOMETRY ...... Sub-Area : 86 complete 0 Viols.                                                                      0 Wrngs.
  VERIFY GEOMETRY ...... SubArea : 87 of 121
  VERIFY GEOMETRY ...... Cells          :  0 Viols.
  VERIFY GEOMETRY ...... SameNet        :  0 Viols.
  VERIFY GEOMETRY ...... Wiring         :  0 Viols.
  VERIFY GEOMETRY ...... Antenna        :  0 Viols.
  VERIFY GEOMETRY ...... Sub-Area : 87 complete 0 Viols.                                                                      0 Wrngs.
  VERIFY GEOMETRY ...... SubArea : 88 of 121
  VERIFY GEOMETRY ...... Cells          :  0 Viols.
  VERIFY GEOMETRY ...... SameNet        :  0 Viols.
  VERIFY GEOMETRY ...... Wiring         :  0 Viols.
  VERIFY GEOMETRY ...... Antenna        :  0 Viols.
  VERIFY GEOMETRY ...... Sub-Area : 88 complete 0 Viols.                                                                      0 Wrngs.
  VERIFY GEOMETRY ...... SubArea : 89 of 121
  VERIFY GEOMETRY ...... Cells          :  0 Viols.
  VERIFY GEOMETRY ...... SameNet        :  0 Viols.
  VERIFY GEOMETRY ...... Wiring         :  0 Viols.
  VERIFY GEOMETRY ...... Antenna        :  0 Viols.
  VERIFY GEOMETRY ...... Sub-Area : 89 complete 0 Viols.                                                                      0 Wrngs.
  VERIFY GEOMETRY ...... SubArea : 90 of 121
  VERIFY GEOMETRY ...... Cells          :  0 Viols.
  VERIFY GEOMETRY ...... SameNet        :  0 Viols.
  VERIFY GEOMETRY ...... Wiring         :  0 Viols.
  VERIFY GEOMETRY ...... Antenna        :  0 Viols.
  VERIFY GEOMETRY ...... Sub-Area : 90 complete 0 Viols.                                                                      0 Wrngs.
  VERIFY GEOMETRY ...... SubArea : 91 of 121
  VERIFY GEOMETRY ...... Cells          :  0 Viols.
  VERIFY GEOMETRY ...... SameNet        :  0 Viols.
  VERIFY GEOMETRY ...... Wiring         :  0 Viols.
  VERIFY GEOMETRY ...... Antenna        :  0 Viols.
  VERIFY GEOMETRY ...... Sub-Area : 91 complete 0 Viols.                                                                      0 Wrngs.
  VERIFY GEOMETRY ...... SubArea : 92 of 121
  VERIFY GEOMETRY ...... Cells          :  0 Viols.
  VERIFY GEOMETRY ...... SameNet        :  0 Viols.
  VERIFY GEOMETRY ...... Wiring         :  0 Viols.
  VERIFY GEOMETRY ...... Antenna        :  0 Viols.
  VERIFY GEOMETRY ...... Sub-Area : 92 complete 0 Viols.                                                                      0 Wrngs.
  VERIFY GEOMETRY ...... SubArea : 93 of 121
  VERIFY GEOMETRY ...... Cells          :  0 Viols.
  VERIFY GEOMETRY ...... SameNet        :  0 Viols.
  VERIFY GEOMETRY ...... Wiring         :  0 Viols.
  VERIFY GEOMETRY ...... Antenna        :  0 Viols.
  VERIFY GEOMETRY ...... Sub-Area : 93 complete 0 Viols.                                                                      0 Wrngs.
  VERIFY GEOMETRY ...... SubArea : 94 of 121
  VERIFY GEOMETRY ...... Cells          :  0 Viols.
  VERIFY GEOMETRY ...... SameNet        :  0 Viols.
  VERIFY GEOMETRY ...... Wiring         :  0 Viols.
  VERIFY GEOMETRY ...... Antenna        :  0 Viols.
  VERIFY GEOMETRY ...... Sub-Area : 94 complete 0 Viols.                                                                      0 Wrngs.
  VERIFY GEOMETRY ...... SubArea : 95 of 121
  VERIFY GEOMETRY ...... Cells          :  0 Viols.
  VERIFY GEOMETRY ...... SameNet        :  0 Viols.
  VERIFY GEOMETRY ...... Wiring         :  0 Viols.
  VERIFY GEOMETRY ...... Antenna        :  0 Viols.
  VERIFY GEOMETRY ...... Sub-Area : 95 complete 0 Viols.                                                                      0 Wrngs.
  VERIFY GEOMETRY ...... SubArea : 96 of 121
  VERIFY GEOMETRY ...... Cells          :  0 Viols.
  VERIFY GEOMETRY ...... SameNet        :  0 Viols.
  VERIFY GEOMETRY ...... Wiring         :  0 Viols.
  VERIFY GEOMETRY ...... Antenna        :  0 Viols.
  VERIFY GEOMETRY ...... Sub-Area : 96 complete 0 Viols.                                                                      0 Wrngs.
  VERIFY GEOMETRY ...... SubArea : 97 of 121
  VERIFY GEOMETRY ...... Cells          :  0 Viols.
  VERIFY GEOMETRY ...... SameNet        :  0 Viols.
  VERIFY GEOMETRY ...... Wiring         :  0 Viols.
  VERIFY GEOMETRY ...... Antenna        :  0 Viols.
  VERIFY GEOMETRY ...... Sub-Area : 97 complete 0 Viols.                                                                      0 Wrngs.
  VERIFY GEOMETRY ...... SubArea : 98 of 121
  VERIFY GEOMETRY ...... Cells          :  0 Viols.
  VERIFY GEOMETRY ...... SameNet        :  0 Viols.
  VERIFY GEOMETRY ...... Wiring         :  0 Viols.
  VERIFY GEOMETRY ...... Antenna        :  0 Viols.
  VERIFY GEOMETRY ...... Sub-Area : 98 complete 0 Viols.                                                                      0 Wrngs.
  VERIFY GEOMETRY ...... SubArea : 99 of 121
  VERIFY GEOMETRY ...... Cells          :  0 Viols.
  VERIFY GEOMETRY ...... SameNet        :  0 Viols.
  VERIFY GEOMETRY ...... Wiring         :  0 Viols.
  VERIFY GEOMETRY ...... Antenna        :  0 Viols.
  VERIFY GEOMETRY ...... Sub-Area : 99 complete 0 Viols.                                                                      0 Wrngs.
  VERIFY GEOMETRY ...... SubArea : 100 of 121
  VERIFY GEOMETRY ...... Cells          :  0 Viols.
  VERIFY GEOMETRY ...... SameNet        :  0 Viols.
  VERIFY GEOMETRY ...... Wiring         :  0 Viols.
  VERIFY GEOMETRY ...... Antenna        :  0 Viols.
  VERIFY GEOMETRY ...... Sub-Area : 100 complete 0 Viols                                                                     . 0 Wrngs.
  VERIFY GEOMETRY ...... SubArea : 101 of 121
  VERIFY GEOMETRY ...... Cells          :  0 Viols.
  VERIFY GEOMETRY ...... SameNet        :  0 Viols.
  VERIFY GEOMETRY ...... Wiring         :  0 Viols.
  VERIFY GEOMETRY ...... Antenna        :  0 Viols.
  VERIFY GEOMETRY ...... Sub-Area : 101 complete 0 Viols                                                                     . 0 Wrngs.
  VERIFY GEOMETRY ...... SubArea : 102 of 121
  VERIFY GEOMETRY ...... Cells          :  0 Viols.
  VERIFY GEOMETRY ...... SameNet        :  0 Viols.
  VERIFY GEOMETRY ...... Wiring         :  0 Viols.
  VERIFY GEOMETRY ...... Antenna        :  0 Viols.
  VERIFY GEOMETRY ...... Sub-Area : 102 complete 0 Viols                                                                     . 0 Wrngs.
  VERIFY GEOMETRY ...... SubArea : 103 of 121
  VERIFY GEOMETRY ...... Cells          :  0 Viols.
  VERIFY GEOMETRY ...... SameNet        :  0 Viols.
  VERIFY GEOMETRY ...... Wiring         :  0 Viols.
  VERIFY GEOMETRY ...... Antenna        :  0 Viols.
  VERIFY GEOMETRY ...... Sub-Area : 103 complete 0 Viols                                                                     . 0 Wrngs.
  VERIFY GEOMETRY ...... SubArea : 104 of 121
  VERIFY GEOMETRY ...... Cells          :  0 Viols.
  VERIFY GEOMETRY ...... SameNet        :  0 Viols.
  VERIFY GEOMETRY ...... Wiring         :  0 Viols.
  VERIFY GEOMETRY ...... Antenna        :  0 Viols.
  VERIFY GEOMETRY ...... Sub-Area : 104 complete 0 Viols                                                                     . 0 Wrngs.
  VERIFY GEOMETRY ...... SubArea : 105 of 121
  VERIFY GEOMETRY ...... Cells          :  0 Viols.
  VERIFY GEOMETRY ...... SameNet        :  0 Viols.
  VERIFY GEOMETRY ...... Wiring         :  0 Viols.
  VERIFY GEOMETRY ...... Antenna        :  0 Viols.
  VERIFY GEOMETRY ...... Sub-Area : 105 complete 0 Viols                                                                     . 0 Wrngs.
  VERIFY GEOMETRY ...... SubArea : 106 of 121
  VERIFY GEOMETRY ...... Cells          :  0 Viols.
  VERIFY GEOMETRY ...... SameNet        :  0 Viols.
  VERIFY GEOMETRY ...... Wiring         :  0 Viols.
  VERIFY GEOMETRY ...... Antenna        :  0 Viols.
  VERIFY GEOMETRY ...... Sub-Area : 106 complete 0 Viols                                                                     . 0 Wrngs.
  VERIFY GEOMETRY ...... SubArea : 107 of 121
  VERIFY GEOMETRY ...... Cells          :  0 Viols.
  VERIFY GEOMETRY ...... SameNet        :  0 Viols.
  VERIFY GEOMETRY ...... Wiring         :  0 Viols.
  VERIFY GEOMETRY ...... Antenna        :  0 Viols.
  VERIFY GEOMETRY ...... Sub-Area : 107 complete 0 Viols                                                                     . 0 Wrngs.
  VERIFY GEOMETRY ...... SubArea : 108 of 121
  VERIFY GEOMETRY ...... Cells          :  0 Viols.
  VERIFY GEOMETRY ...... SameNet        :  0 Viols.
  VERIFY GEOMETRY ...... Wiring         :  0 Viols.
  VERIFY GEOMETRY ...... Antenna        :  0 Viols.
  VERIFY GEOMETRY ...... Sub-Area : 108 complete 0 Viols                                                                     . 0 Wrngs.
  VERIFY GEOMETRY ...... SubArea : 109 of 121
  VERIFY GEOMETRY ...... Cells          :  0 Viols.
  VERIFY GEOMETRY ...... SameNet        :  0 Viols.
  VERIFY GEOMETRY ...... Wiring         :  0 Viols.
  VERIFY GEOMETRY ...... Antenna        :  0 Viols.
  VERIFY GEOMETRY ...... Sub-Area : 109 complete 0 Viols                                                                     . 0 Wrngs.
  VERIFY GEOMETRY ...... SubArea : 110 of 121
  VERIFY GEOMETRY ...... Cells          :  0 Viols.
  VERIFY GEOMETRY ...... SameNet        :  0 Viols.
  VERIFY GEOMETRY ...... Wiring         :  0 Viols.
  VERIFY GEOMETRY ...... Antenna        :  0 Viols.
  VERIFY GEOMETRY ...... Sub-Area : 110 complete 0 Viols                                                                     . 0 Wrngs.
  VERIFY GEOMETRY ...... SubArea : 111 of 121
  VERIFY GEOMETRY ...... Cells          :  0 Viols.
  VERIFY GEOMETRY ...... SameNet        :  0 Viols.
  VERIFY GEOMETRY ...... Wiring         :  0 Viols.
  VERIFY GEOMETRY ...... Antenna        :  0 Viols.
  VERIFY GEOMETRY ...... Sub-Area : 111 complete 0 Viols                                                                     . 0 Wrngs.
  VERIFY GEOMETRY ...... SubArea : 112 of 121
  VERIFY GEOMETRY ...... Cells          :  0 Viols.
  VERIFY GEOMETRY ...... SameNet        :  0 Viols.
  VERIFY GEOMETRY ...... Wiring         :  0 Viols.
  VERIFY GEOMETRY ...... Antenna        :  0 Viols.
  VERIFY GEOMETRY ...... Sub-Area : 112 complete 0 Viols                                                                     . 0 Wrngs.
  VERIFY GEOMETRY ...... SubArea : 113 of 121
  VERIFY GEOMETRY ...... Cells          :  0 Viols.
  VERIFY GEOMETRY ...... SameNet        :  0 Viols.
  VERIFY GEOMETRY ...... Wiring         :  0 Viols.
  VERIFY GEOMETRY ...... Antenna        :  0 Viols.
  VERIFY GEOMETRY ...... Sub-Area : 113 complete 0 Viols                                                                     . 0 Wrngs.
  VERIFY GEOMETRY ...... SubArea : 114 of 121
  VERIFY GEOMETRY ...... Cells          :  0 Viols.
  VERIFY GEOMETRY ...... SameNet        :  0 Viols.
  VERIFY GEOMETRY ...... Wiring         :  0 Viols.
  VERIFY GEOMETRY ...... Antenna        :  0 Viols.
  VERIFY GEOMETRY ...... Sub-Area : 114 complete 0 Viols                                                                     . 0 Wrngs.
  VERIFY GEOMETRY ...... SubArea : 115 of 121
  VERIFY GEOMETRY ...... Cells          :  0 Viols.
  VERIFY GEOMETRY ...... SameNet        :  0 Viols.
  VERIFY GEOMETRY ...... Wiring         :  0 Viols.
  VERIFY GEOMETRY ...... Antenna        :  0 Viols.
  VERIFY GEOMETRY ...... Sub-Area : 115 complete 0 Viols                                                                     . 0 Wrngs.
  VERIFY GEOMETRY ...... SubArea : 116 of 121
  VERIFY GEOMETRY ...... Cells          :  0 Viols.
  VERIFY GEOMETRY ...... SameNet        :  0 Viols.
  VERIFY GEOMETRY ...... Wiring         :  0 Viols.
  VERIFY GEOMETRY ...... Antenna        :  0 Viols.
  VERIFY GEOMETRY ...... Sub-Area : 116 complete 0 Viols                                                                     . 0 Wrngs.
  VERIFY GEOMETRY ...... SubArea : 117 of 121
  VERIFY GEOMETRY ...... Cells          :  0 Viols.
  VERIFY GEOMETRY ...... SameNet        :  0 Viols.
  VERIFY GEOMETRY ...... Wiring         :  0 Viols.
  VERIFY GEOMETRY ...... Antenna        :  0 Viols.
  VERIFY GEOMETRY ...... Sub-Area : 117 complete 0 Viols                                                                     . 0 Wrngs.
  VERIFY GEOMETRY ...... SubArea : 118 of 121
  VERIFY GEOMETRY ...... Cells          :  0 Viols.
  VERIFY GEOMETRY ...... SameNet        :  0 Viols.
  VERIFY GEOMETRY ...... Wiring         :  0 Viols.
  VERIFY GEOMETRY ...... Antenna        :  0 Viols.
  VERIFY GEOMETRY ...... Sub-Area : 118 complete 0 Viols                                                                     . 0 Wrngs.
  VERIFY GEOMETRY ...... SubArea : 119 of 121
  VERIFY GEOMETRY ...... Cells          :  0 Viols.
  VERIFY GEOMETRY ...... SameNet        :  0 Viols.
  VERIFY GEOMETRY ...... Wiring         :  0 Viols.
  VERIFY GEOMETRY ...... Antenna        :  0 Viols.
  VERIFY GEOMETRY ...... Sub-Area : 119 complete 0 Viols                                                                     . 0 Wrngs.
  VERIFY GEOMETRY ...... SubArea : 120 of 121
  VERIFY GEOMETRY ...... Cells          :  0 Viols.
  VERIFY GEOMETRY ...... SameNet        :  0 Viols.
  VERIFY GEOMETRY ...... Wiring         :  0 Viols.
  VERIFY GEOMETRY ...... Antenna        :  0 Viols.
  VERIFY GEOMETRY ...... Sub-Area : 120 complete 0 Viols                                                                     . 0 Wrngs.
  VERIFY GEOMETRY ...... SubArea : 121 of 121
  VERIFY GEOMETRY ...... Cells          :  0 Viols.
  VERIFY GEOMETRY ...... SameNet        :  0 Viols.
  VERIFY GEOMETRY ...... Wiring         :  0 Viols.
  VERIFY GEOMETRY ...... Antenna        :  0 Viols.
  VERIFY GEOMETRY ...... Sub-Area : 121 complete 0 Viols                                                                     . 0 Wrngs.
VG: elapsed time: 31.00
Begin Summary ...
  Cells       : 0
  SameNet     : 0
  Wiring      : 0
  Antenna     : 0
  Short       : 0
  Overlap     : 0
End Summary

  Verification Complete : 0 Viols.  0 Wrngs.

**********End: VERIFY GEOMETRY**********
 *** verify geometry (CPU: 0:00:31.8  MEM: 105.0M)
